Arguments: 
  C:\Program Files\nodejs\node.exe C:\Users\akbar\AppData\Roaming\npm\node_modules\yarn\bin\yarn.js add puppeteer@2.0.0 puppeteer-extra

PATH: 
  C:\Program Files\Common Files\Oracle\Java\javapath;C:\Windows\system32;C:\Windows;C:\Windows\System32\Wbem;C:\Windows\System32\WindowsPowerShell\v1.0\;C:\Windows\System32\OpenSSH\;C:\Program Files (x86)\NVIDIA Corporation\PhysX\Common;C:\Program Files\NVIDIA Corporation\NVIDIA NvDLISR;C:\WINDOWS\system32;C:\WINDOWS;C:\WINDOWS\System32\Wbem;C:\WINDOWS\System32\WindowsPowerShell\v1.0\;C:\WINDOWS\System32\OpenSSH\;C:\Program Files\Git\cmd;C:\Program Files\nodejs\;C:\Users\akbar\Downloads\flutter_windows_3.19.4-stable.zip\flutter\bin;C:\Program Files\Docker\Docker\resources\bin;C:\minikube;C:\Users\akbar\Downloads\protoc-27.2-win64\bin;C:\Program Files\Amazon\AWSCLIV2\;C:\Users\akbar\.console-ninja\.bin;C:\Program Files\MySQL\MySQL Shell 8.0\bin\;C:\Users\akbar\AppData\Local\Microsoft\WindowsApps;C:\mingw32\bin;C:\Program Files\JetBrains\IntelliJ IDEA Community Edition 2023.2.3\bin;C:\Users\akbar\Downloads\flutter_windows_3.19.4-stable.zip\flutter\bin;;C:\Users\akbar\AppData\Local\Programs\Microsoft VS Code\bin;C:\Users\akbar\AppData\Roaming\npm;C:\Program Files\MongoDB\Server\7.0\bin;C:\mongosh-2.1.0-win32-x64\bin;

Yarn version: 
  1.22.19

Node version: 
  20.9.0

Platform: 
  win32 x64

Trace: 
  Error: ENOSPC: no space left on device, write

npm manifest: 
  {
    "name": "synx",
    "version": "1.0.0",
    "description": "synx plus review management system",
    "main": "app.js",
    "scripts": {
      "start": "nodemon app",
      "test": "node app"
    },
    "repository": {
      "type": "git",
      "url": "git+https://github.com/kriparajp1/synx.git"
    },
    "keywords": [
      "synx",
      "review",
      "saas"
    ],
    "author": "Kriparaj&Akbar_Haleel",
    "license": "ISC",
    "bugs": {
      "url": "https://github.com/kriparajp1/synx/issues"
    },
    "homepage": "https://github.com/kriparajp1/synx#readme",
    "dependencies": {
      "axios": "^1.7.7",
      "bcryptjs": "^2.4.3",
      "cheerio": "^1.0.0",
      "chrome-aws-lambda": "^10.1.0",
      "cors": "^2.8.5",
      "crypto": "^1.0.1",
      "dotenv": "^16.4.5",
      "express": "^4.19.2",
      "express-session": "^1.18.0",
      "jsonwebtoken": "^9.0.2",
      "mongoose": "^8.5.3",
      "node-cron": "^3.0.3",
      "nodemailer": "^6.9.14",
      "nodemon": "^3.1.4",
      "plivo": "^4.68.3",
      "puppeteer": "^23.2.0",
      "puppeteer-core": "19.6",
      "qrcode": "^1.5.4",
      "razorpay": "^2.9.4",
      "redis": "^4.7.0",
      "request": "^2.88.2",
      "request-promise": "^4.2.6",
      "synx": "file:",
      "twilio": "^5.3.0"
    }
  }

yarn manifest: 
  No manifest

Lockfile: 
  No lockfile
